{
  "RSpec": {
    "coverage": {
      "/home/ladyb/Documents/Blessing_Documents/workspace/checkpts/ladyb_bucketlist/app/controllers/api/v1/auth_controller.rb": [
        null,
        1,
        1,
        1,
        1,
        null,
        1,
        12,
        null,
        12,
        10,
        null,
        2,
        null,
        null,
        null,
        1,
        13,
        13,
        10,
        10,
        null,
        3,
        null,
        null,
        null,
        null,
        1,
        3,
        3,
        null,
        null,
        1,
        2,
        2,
        null,
        null,
        1,
        null,
        1,
        12,
        12,
        null,
        null,
        null,
        null,
        null
      ],
      "/home/ladyb/Documents/Blessing_Documents/workspace/checkpts/ladyb_bucketlist/app/controllers/application_controller.rb": [
        null,
        1,
        1,
        null,
        1,
        1,
        null,
        1,
        3,
        null,
        null,
        1,
        67,
        62,
        null,
        null,
        1,
        null,
        1,
        null,
        1,
        24,
        24,
        24,
        3,
        21,
        1,
        null,
        null,
        null,
        1,
        120,
        null,
        null,
        1,
        37,
        35,
        null,
        null,
        null
      ],
      "/home/ladyb/Documents/Blessing_Documents/workspace/checkpts/ladyb_bucketlist/lib/not_authenticated_error.rb": [
        1,
        null
      ],
      "/home/ladyb/Documents/Blessing_Documents/workspace/checkpts/ladyb_bucketlist/lib/authentication_timeout_error.rb": [
        1,
        null
      ],
      "/home/ladyb/Documents/Blessing_Documents/workspace/checkpts/ladyb_bucketlist/app/controllers/api/v1/bucketlists_controller.rb": [
        null,
        1,
        1,
        1,
        1,
        1,
        null,
        null,
        1,
        2,
        2,
        2,
        2,
        2,
        null,
        2,
        null,
        null,
        null,
        null,
        1,
        1,
        null,
        null,
        null,
        1,
        4,
        null,
        4,
        3,
        null,
        1,
        null,
        null,
        null,
        null,
        1,
        4,
        4,
        3,
        null,
        1,
        null,
        null,
        null,
        null,
        1,
        1,
        1,
        null,
        null,
        1,
        null,
        1,
        9,
        null,
        9,
        3,
        3,
        null,
        null,
        null,
        1,
        4,
        null,
        null,
        1,
        2,
        2,
        2,
        2,
        2,
        null,
        null,
        null,
        null
      ],
      "/home/ladyb/Documents/Blessing_Documents/workspace/checkpts/ladyb_bucketlist/app/controllers/api/v1/items_controller.rb": [
        null,
        1,
        1,
        1,
        1,
        null,
        null,
        1,
        3,
        3,
        3,
        3,
        null,
        3,
        null,
        null,
        null,
        null,
        1,
        1,
        1,
        null,
        null,
        null,
        1,
        3,
        null,
        null,
        3,
        2,
        null,
        1,
        null,
        null,
        null,
        null,
        1,
        4,
        4,
        3,
        null,
        1,
        null,
        null,
        null,
        null,
        1,
        1,
        1,
        null,
        null,
        1,
        null,
        1,
        9,
        null,
        9,
        3,
        3,
        3,
        null,
        null,
        null,
        1,
        4,
        null,
        null,
        null,
        null
      ],
      "/home/ladyb/Documents/Blessing_Documents/workspace/checkpts/ladyb_bucketlist/app/models/bucketlist.rb": [
        null,
        1,
        1,
        1,
        null,
        1,
        1,
        null,
        2,
        null
      ],
      "/home/ladyb/Documents/Blessing_Documents/workspace/checkpts/ladyb_bucketlist/app/models/item.rb": [
        1,
        1,
        null,
        1,
        1,
        null,
        2,
        2,
        null
      ],
      "/home/ladyb/Documents/Blessing_Documents/workspace/checkpts/ladyb_bucketlist/app/models/user.rb": [
        null,
        1,
        64,
        1,
        null,
        1,
        null,
        null,
        1,
        null,
        1,
        1,
        null,
        null,
        null,
        1,
        10,
        10,
        10,
        null,
        null
      ],
      "/home/ladyb/Documents/Blessing_Documents/workspace/checkpts/ladyb_bucketlist/lib/auth_token.rb": [
        1,
        1,
        40,
        40,
        null,
        null,
        1,
        37,
        null,
        null,
        null,
        null,
        null,
        8,
        null,
        null
      ],
      "/home/ladyb/Documents/Blessing_Documents/workspace/checkpts/ladyb_bucketlist/app/serializers/bucketlist_serializer.rb": [
        null,
        1,
        1,
        null,
        1,
        9,
        null,
        null,
        1,
        9,
        null,
        null,
        1,
        9,
        null,
        null,
        1,
        9,
        9,
        9,
        null,
        null
      ],
      "/home/ladyb/Documents/Blessing_Documents/workspace/checkpts/ladyb_bucketlist/app/serializers/item_serializer.rb": [
        1,
        1,
        null,
        1,
        10,
        null,
        null,
        1,
        10,
        null,
        null
      ]
    },
    "timestamp": 1448495850
  }
}
