{
  "RSpec": {
    "coverage": {
      "/home/ladyb/Documents/Blessing_Documents/workspace/checkpts/ladyb_bucketlist/app/controllers/api/v1/auth_controller.rb": [
        1,
        1,
        0,
        null,
        0,
        0,
        null,
        0,
        null,
        null,
        null,
        1,
        0,
        null,
        null,
        null,
        1,
        0,
        0,
        0,
        0,
        null,
        0,
        null,
        null,
        null,
        null,
        null,
        1,
        0,
        0,
        null,
        null,
        1,
        0,
        0,
        null,
        null,
        1,
        1,
        0,
        0,
        null,
        null,
        null,
        null,
        null
      ],
      "/home/ladyb/Documents/Blessing_Documents/workspace/checkpts/ladyb_bucketlist/app/controllers/application_controller.rb": [
        1,
        1,
        null
      ],
      "/home/ladyb/Documents/Blessing_Documents/workspace/checkpts/ladyb_bucketlist/app/controllers/api/v1/bucketlists_controller.rb": [
        1,
        1,
        null,
        null,
        1,
        2,
        2,
        null,
        null,
        1,
        0,
        null,
        null,
        null,
        1,
        1,
        null,
        null,
        null,
        1,
        4,
        4,
        3,
        null,
        1,
        null,
        null,
        null,
        null,
        1,
        4,
        4,
        3,
        null,
        1,
        null,
        null,
        null,
        null,
        1,
        1,
        null,
        1,
        null,
        null,
        1,
        1,
        6,
        null,
        null,
        1,
        8,
        null,
        null
      ],
      "/home/ladyb/Documents/Blessing_Documents/workspace/checkpts/ladyb_bucketlist/app/models/bucketlist.rb": [
        1,
        1,
        null,
        1,
        1,
        null
      ],
      "/home/ladyb/Documents/Blessing_Documents/workspace/checkpts/ladyb_bucketlist/app/models/user.rb": [
        1,
        1,
        null,
        1,
        null,
        1,
        null,
        1,
        null,
        1,
        1,
        1,
        null,
        null
      ],
      "/home/ladyb/Documents/Blessing_Documents/workspace/checkpts/ladyb_bucketlist/app/serializers/bucketlist_serializer.rb": [
        1,
        1,
        null
      ]
    },
    "timestamp": 1448211086
  }
}
